

Started GET "/" for ::1 at 2015-09-14 15:39:26 -0400

ActiveRecord::PendingMigrationError - 

Migrations are pending. To resolve this issue, run:

	bin/rake db:migrate RAILS_ENV=development

:
  activerecord (4.2.4) lib/active_record/migration.rb:392:in `check_pending!'
  activerecord (4.2.4) lib/active_record/migration.rb:373:in `call'
  actionpack (4.2.4) lib/action_dispatch/middleware/callbacks.rb:29:in `block in call'
  activesupport (4.2.4) lib/active_support/callbacks.rb:88:in `__run_callbacks__'
  activesupport (4.2.4) lib/active_support/callbacks.rb:778:in `_run_call_callbacks'
  activesupport (4.2.4) lib/active_support/callbacks.rb:81:in `run_callbacks'
  actionpack (4.2.4) lib/action_dispatch/middleware/callbacks.rb:27:in `call'
  actionpack (4.2.4) lib/action_dispatch/middleware/reloader.rb:73:in `call'
  actionpack (4.2.4) lib/action_dispatch/middleware/remote_ip.rb:78:in `call'
  better_errors (2.1.1) lib/better_errors/middleware.rb:84:in `protected_app_call'
  better_errors (2.1.1) lib/better_errors/middleware.rb:79:in `better_errors_call'
  better_errors (2.1.1) lib/better_errors/middleware.rb:57:in `call'
  actionpack (4.2.4) lib/action_dispatch/middleware/debug_exceptions.rb:17:in `call'
  web-console (2.2.1) lib/web_console/middleware.rb:39:in `call'
  actionpack (4.2.4) lib/action_dispatch/middleware/show_exceptions.rb:30:in `call'
  railties (4.2.4) lib/rails/rack/logger.rb:38:in `call_app'
  railties (4.2.4) lib/rails/rack/logger.rb:20:in `block in call'
  activesupport (4.2.4) lib/active_support/tagged_logging.rb:68:in `block in tagged'
  activesupport (4.2.4) lib/active_support/tagged_logging.rb:26:in `tagged'
  activesupport (4.2.4) lib/active_support/tagged_logging.rb:68:in `tagged'
  railties (4.2.4) lib/rails/rack/logger.rb:20:in `call'
  quiet_assets (1.1.0) lib/quiet_assets.rb:27:in `call_with_quiet_assets'
  actionpack (4.2.4) lib/action_dispatch/middleware/request_id.rb:21:in `call'
  rack (1.6.4) lib/rack/methodoverride.rb:22:in `call'
  rack (1.6.4) lib/rack/runtime.rb:18:in `call'
  activesupport (4.2.4) lib/active_support/cache/strategy/local_cache_middleware.rb:28:in `call'
  rack (1.6.4) lib/rack/lock.rb:17:in `call'
  actionpack (4.2.4) lib/action_dispatch/middleware/static.rb:116:in `call'
  rack (1.6.4) lib/rack/sendfile.rb:113:in `call'
  railties (4.2.4) lib/rails/engine.rb:518:in `call'
  railties (4.2.4) lib/rails/application.rb:165:in `call'
  rack (1.6.4) lib/rack/lock.rb:17:in `call'
  rack (1.6.4) lib/rack/content_length.rb:15:in `call'
  rack (1.6.4) lib/rack/handler/webrick.rb:88:in `service'
  /Users/rubyli/.rbenv/versions/2.2.1/lib/ruby/2.2.0/webrick/httpserver.rb:138:in `service'
  /Users/rubyli/.rbenv/versions/2.2.1/lib/ruby/2.2.0/webrick/httpserver.rb:94:in `run'
  /Users/rubyli/.rbenv/versions/2.2.1/lib/ruby/2.2.0/webrick/server.rb:294:in `block in start_thread'



Started GET "/" for ::1 at 2015-09-14 15:39:27 -0400

ActiveRecord::PendingMigrationError - 

Migrations are pending. To resolve this issue, run:

	bin/rake db:migrate RAILS_ENV=development

:
  activerecord (4.2.4) lib/active_record/migration.rb:392:in `check_pending!'
  activerecord (4.2.4) lib/active_record/migration.rb:373:in `call'
  actionpack (4.2.4) lib/action_dispatch/middleware/callbacks.rb:29:in `block in call'
  activesupport (4.2.4) lib/active_support/callbacks.rb:88:in `__run_callbacks__'
  activesupport (4.2.4) lib/active_support/callbacks.rb:778:in `_run_call_callbacks'
  activesupport (4.2.4) lib/active_support/callbacks.rb:81:in `run_callbacks'
  actionpack (4.2.4) lib/action_dispatch/middleware/callbacks.rb:27:in `call'
  actionpack (4.2.4) lib/action_dispatch/middleware/reloader.rb:73:in `call'
  actionpack (4.2.4) lib/action_dispatch/middleware/remote_ip.rb:78:in `call'
  better_errors (2.1.1) lib/better_errors/middleware.rb:84:in `protected_app_call'
  better_errors (2.1.1) lib/better_errors/middleware.rb:79:in `better_errors_call'
  better_errors (2.1.1) lib/better_errors/middleware.rb:57:in `call'
  actionpack (4.2.4) lib/action_dispatch/middleware/debug_exceptions.rb:17:in `call'
  web-console (2.2.1) lib/web_console/middleware.rb:39:in `call'
  actionpack (4.2.4) lib/action_dispatch/middleware/show_exceptions.rb:30:in `call'
  railties (4.2.4) lib/rails/rack/logger.rb:38:in `call_app'
  railties (4.2.4) lib/rails/rack/logger.rb:20:in `block in call'
  activesupport (4.2.4) lib/active_support/tagged_logging.rb:68:in `block in tagged'
  activesupport (4.2.4) lib/active_support/tagged_logging.rb:26:in `tagged'
  activesupport (4.2.4) lib/active_support/tagged_logging.rb:68:in `tagged'
  railties (4.2.4) lib/rails/rack/logger.rb:20:in `call'
  quiet_assets (1.1.0) lib/quiet_assets.rb:27:in `call_with_quiet_assets'
  actionpack (4.2.4) lib/action_dispatch/middleware/request_id.rb:21:in `call'
  rack (1.6.4) lib/rack/methodoverride.rb:22:in `call'
  rack (1.6.4) lib/rack/runtime.rb:18:in `call'
  activesupport (4.2.4) lib/active_support/cache/strategy/local_cache_middleware.rb:28:in `call'
  rack (1.6.4) lib/rack/lock.rb:17:in `call'
  actionpack (4.2.4) lib/action_dispatch/middleware/static.rb:116:in `call'
  rack (1.6.4) lib/rack/sendfile.rb:113:in `call'
  railties (4.2.4) lib/rails/engine.rb:518:in `call'
  railties (4.2.4) lib/rails/application.rb:165:in `call'
  rack (1.6.4) lib/rack/lock.rb:17:in `call'
  rack (1.6.4) lib/rack/content_length.rb:15:in `call'
  rack (1.6.4) lib/rack/handler/webrick.rb:88:in `service'
  /Users/rubyli/.rbenv/versions/2.2.1/lib/ruby/2.2.0/webrick/httpserver.rb:138:in `service'
  /Users/rubyli/.rbenv/versions/2.2.1/lib/ruby/2.2.0/webrick/httpserver.rb:94:in `run'
  /Users/rubyli/.rbenv/versions/2.2.1/lib/ruby/2.2.0/webrick/server.rb:294:in `block in start_thread'



Started POST "/__better_errors/0eb84c03718a9ca0/variables" for ::1 at 2015-09-14 15:39:27 -0400


Started GET "/users/new" for ::1 at 2015-09-14 15:43:41 -0400

ActiveRecord::PendingMigrationError - 

Migrations are pending. To resolve this issue, run:

	bin/rake db:migrate RAILS_ENV=development

:
  activerecord (4.2.4) lib/active_record/migration.rb:392:in `check_pending!'
  activerecord (4.2.4) lib/active_record/migration.rb:373:in `call'
  actionpack (4.2.4) lib/action_dispatch/middleware/callbacks.rb:29:in `block in call'
  activesupport (4.2.4) lib/active_support/callbacks.rb:88:in `__run_callbacks__'
  activesupport (4.2.4) lib/active_support/callbacks.rb:778:in `_run_call_callbacks'
  activesupport (4.2.4) lib/active_support/callbacks.rb:81:in `run_callbacks'
  actionpack (4.2.4) lib/action_dispatch/middleware/callbacks.rb:27:in `call'
  actionpack (4.2.4) lib/action_dispatch/middleware/reloader.rb:73:in `call'
  actionpack (4.2.4) lib/action_dispatch/middleware/remote_ip.rb:78:in `call'
  better_errors (2.1.1) lib/better_errors/middleware.rb:84:in `protected_app_call'
  better_errors (2.1.1) lib/better_errors/middleware.rb:79:in `better_errors_call'
  better_errors (2.1.1) lib/better_errors/middleware.rb:57:in `call'
  actionpack (4.2.4) lib/action_dispatch/middleware/debug_exceptions.rb:17:in `call'
  web-console (2.2.1) lib/web_console/middleware.rb:39:in `call'
  actionpack (4.2.4) lib/action_dispatch/middleware/show_exceptions.rb:30:in `call'
  railties (4.2.4) lib/rails/rack/logger.rb:38:in `call_app'
  railties (4.2.4) lib/rails/rack/logger.rb:20:in `block in call'
  activesupport (4.2.4) lib/active_support/tagged_logging.rb:68:in `block in tagged'
  activesupport (4.2.4) lib/active_support/tagged_logging.rb:26:in `tagged'
  activesupport (4.2.4) lib/active_support/tagged_logging.rb:68:in `tagged'
  railties (4.2.4) lib/rails/rack/logger.rb:20:in `call'
  quiet_assets (1.1.0) lib/quiet_assets.rb:27:in `call_with_quiet_assets'
  actionpack (4.2.4) lib/action_dispatch/middleware/request_id.rb:21:in `call'
  rack (1.6.4) lib/rack/methodoverride.rb:22:in `call'
  rack (1.6.4) lib/rack/runtime.rb:18:in `call'
  activesupport (4.2.4) lib/active_support/cache/strategy/local_cache_middleware.rb:28:in `call'
  rack (1.6.4) lib/rack/lock.rb:17:in `call'
  actionpack (4.2.4) lib/action_dispatch/middleware/static.rb:116:in `call'
  rack (1.6.4) lib/rack/sendfile.rb:113:in `call'
  railties (4.2.4) lib/rails/engine.rb:518:in `call'
  railties (4.2.4) lib/rails/application.rb:165:in `call'
  rack (1.6.4) lib/rack/lock.rb:17:in `call'
  rack (1.6.4) lib/rack/content_length.rb:15:in `call'
  rack (1.6.4) lib/rack/handler/webrick.rb:88:in `service'
  /Users/rubyli/.rbenv/versions/2.2.1/lib/ruby/2.2.0/webrick/httpserver.rb:138:in `service'
  /Users/rubyli/.rbenv/versions/2.2.1/lib/ruby/2.2.0/webrick/httpserver.rb:94:in `run'
  /Users/rubyli/.rbenv/versions/2.2.1/lib/ruby/2.2.0/webrick/server.rb:294:in `block in start_thread'



Started POST "/__better_errors/6df69d11567a8f31/variables" for ::1 at 2015-09-14 15:43:41 -0400


Started GET "/users/new" for ::1 at 2015-09-14 15:43:43 -0400

ActiveRecord::PendingMigrationError - 

Migrations are pending. To resolve this issue, run:

	bin/rake db:migrate RAILS_ENV=development

:
  activerecord (4.2.4) lib/active_record/migration.rb:392:in `check_pending!'
  activerecord (4.2.4) lib/active_record/migration.rb:373:in `call'
  actionpack (4.2.4) lib/action_dispatch/middleware/callbacks.rb:29:in `block in call'
  activesupport (4.2.4) lib/active_support/callbacks.rb:88:in `__run_callbacks__'
  activesupport (4.2.4) lib/active_support/callbacks.rb:778:in `_run_call_callbacks'
  activesupport (4.2.4) lib/active_support/callbacks.rb:81:in `run_callbacks'
  actionpack (4.2.4) lib/action_dispatch/middleware/callbacks.rb:27:in `call'
  actionpack (4.2.4) lib/action_dispatch/middleware/reloader.rb:73:in `call'
  actionpack (4.2.4) lib/action_dispatch/middleware/remote_ip.rb:78:in `call'
  better_errors (2.1.1) lib/better_errors/middleware.rb:84:in `protected_app_call'
  better_errors (2.1.1) lib/better_errors/middleware.rb:79:in `better_errors_call'
  better_errors (2.1.1) lib/better_errors/middleware.rb:57:in `call'
  actionpack (4.2.4) lib/action_dispatch/middleware/debug_exceptions.rb:17:in `call'
  web-console (2.2.1) lib/web_console/middleware.rb:39:in `call'
  actionpack (4.2.4) lib/action_dispatch/middleware/show_exceptions.rb:30:in `call'
  railties (4.2.4) lib/rails/rack/logger.rb:38:in `call_app'
  railties (4.2.4) lib/rails/rack/logger.rb:20:in `block in call'
  activesupport (4.2.4) lib/active_support/tagged_logging.rb:68:in `block in tagged'
  activesupport (4.2.4) lib/active_support/tagged_logging.rb:26:in `tagged'
  activesupport (4.2.4) lib/active_support/tagged_logging.rb:68:in `tagged'
  railties (4.2.4) lib/rails/rack/logger.rb:20:in `call'
  quiet_assets (1.1.0) lib/quiet_assets.rb:27:in `call_with_quiet_assets'
  actionpack (4.2.4) lib/action_dispatch/middleware/request_id.rb:21:in `call'
  rack (1.6.4) lib/rack/methodoverride.rb:22:in `call'
  rack (1.6.4) lib/rack/runtime.rb:18:in `call'
  activesupport (4.2.4) lib/active_support/cache/strategy/local_cache_middleware.rb:28:in `call'
  rack (1.6.4) lib/rack/lock.rb:17:in `call'
  actionpack (4.2.4) lib/action_dispatch/middleware/static.rb:116:in `call'
  rack (1.6.4) lib/rack/sendfile.rb:113:in `call'
  railties (4.2.4) lib/rails/engine.rb:518:in `call'
  railties (4.2.4) lib/rails/application.rb:165:in `call'
  rack (1.6.4) lib/rack/lock.rb:17:in `call'
  rack (1.6.4) lib/rack/content_length.rb:15:in `call'
  rack (1.6.4) lib/rack/handler/webrick.rb:88:in `service'
  /Users/rubyli/.rbenv/versions/2.2.1/lib/ruby/2.2.0/webrick/httpserver.rb:138:in `service'
  /Users/rubyli/.rbenv/versions/2.2.1/lib/ruby/2.2.0/webrick/httpserver.rb:94:in `run'
  /Users/rubyli/.rbenv/versions/2.2.1/lib/ruby/2.2.0/webrick/server.rb:294:in `block in start_thread'



Started POST "/__better_errors/15554843b75166ce/variables" for ::1 at 2015-09-14 15:43:43 -0400


Started GET "/users/new" for ::1 at 2015-09-14 15:44:08 -0400

ActiveRecord::PendingMigrationError - 

Migrations are pending. To resolve this issue, run:

	bin/rake db:migrate RAILS_ENV=development

:
  activerecord (4.2.4) lib/active_record/migration.rb:392:in `check_pending!'
  activerecord (4.2.4) lib/active_record/migration.rb:373:in `call'
  actionpack (4.2.4) lib/action_dispatch/middleware/callbacks.rb:29:in `block in call'
  activesupport (4.2.4) lib/active_support/callbacks.rb:88:in `__run_callbacks__'
  activesupport (4.2.4) lib/active_support/callbacks.rb:778:in `_run_call_callbacks'
  activesupport (4.2.4) lib/active_support/callbacks.rb:81:in `run_callbacks'
  actionpack (4.2.4) lib/action_dispatch/middleware/callbacks.rb:27:in `call'
  actionpack (4.2.4) lib/action_dispatch/middleware/reloader.rb:73:in `call'
  actionpack (4.2.4) lib/action_dispatch/middleware/remote_ip.rb:78:in `call'
  better_errors (2.1.1) lib/better_errors/middleware.rb:84:in `protected_app_call'
  better_errors (2.1.1) lib/better_errors/middleware.rb:79:in `better_errors_call'
  better_errors (2.1.1) lib/better_errors/middleware.rb:57:in `call'
  actionpack (4.2.4) lib/action_dispatch/middleware/debug_exceptions.rb:17:in `call'
  web-console (2.2.1) lib/web_console/middleware.rb:39:in `call'
  actionpack (4.2.4) lib/action_dispatch/middleware/show_exceptions.rb:30:in `call'
  railties (4.2.4) lib/rails/rack/logger.rb:38:in `call_app'
  railties (4.2.4) lib/rails/rack/logger.rb:20:in `block in call'
  activesupport (4.2.4) lib/active_support/tagged_logging.rb:68:in `block in tagged'
  activesupport (4.2.4) lib/active_support/tagged_logging.rb:26:in `tagged'
  activesupport (4.2.4) lib/active_support/tagged_logging.rb:68:in `tagged'
  railties (4.2.4) lib/rails/rack/logger.rb:20:in `call'
  quiet_assets (1.1.0) lib/quiet_assets.rb:27:in `call_with_quiet_assets'
  actionpack (4.2.4) lib/action_dispatch/middleware/request_id.rb:21:in `call'
  rack (1.6.4) lib/rack/methodoverride.rb:22:in `call'
  rack (1.6.4) lib/rack/runtime.rb:18:in `call'
  activesupport (4.2.4) lib/active_support/cache/strategy/local_cache_middleware.rb:28:in `call'
  rack (1.6.4) lib/rack/lock.rb:17:in `call'
  actionpack (4.2.4) lib/action_dispatch/middleware/static.rb:116:in `call'
  rack (1.6.4) lib/rack/sendfile.rb:113:in `call'
  railties (4.2.4) lib/rails/engine.rb:518:in `call'
  railties (4.2.4) lib/rails/application.rb:165:in `call'
  rack (1.6.4) lib/rack/lock.rb:17:in `call'
  rack (1.6.4) lib/rack/content_length.rb:15:in `call'
  rack (1.6.4) lib/rack/handler/webrick.rb:88:in `service'
  /Users/rubyli/.rbenv/versions/2.2.1/lib/ruby/2.2.0/webrick/httpserver.rb:138:in `service'
  /Users/rubyli/.rbenv/versions/2.2.1/lib/ruby/2.2.0/webrick/httpserver.rb:94:in `run'
  /Users/rubyli/.rbenv/versions/2.2.1/lib/ruby/2.2.0/webrick/server.rb:294:in `block in start_thread'



Started POST "/__better_errors/6aa3138db617c43f/variables" for ::1 at 2015-09-14 15:44:08 -0400


Started GET "/users/new" for ::1 at 2015-09-14 15:44:38 -0400

ActiveRecord::PendingMigrationError - 

Migrations are pending. To resolve this issue, run:

	bin/rake db:migrate RAILS_ENV=development

:
  activerecord (4.2.4) lib/active_record/migration.rb:392:in `check_pending!'
  activerecord (4.2.4) lib/active_record/migration.rb:373:in `call'
  actionpack (4.2.4) lib/action_dispatch/middleware/callbacks.rb:29:in `block in call'
  activesupport (4.2.4) lib/active_support/callbacks.rb:88:in `__run_callbacks__'
  activesupport (4.2.4) lib/active_support/callbacks.rb:778:in `_run_call_callbacks'
  activesupport (4.2.4) lib/active_support/callbacks.rb:81:in `run_callbacks'
  actionpack (4.2.4) lib/action_dispatch/middleware/callbacks.rb:27:in `call'
  actionpack (4.2.4) lib/action_dispatch/middleware/reloader.rb:73:in `call'
  actionpack (4.2.4) lib/action_dispatch/middleware/remote_ip.rb:78:in `call'
  better_errors (2.1.1) lib/better_errors/middleware.rb:84:in `protected_app_call'
  better_errors (2.1.1) lib/better_errors/middleware.rb:79:in `better_errors_call'
  better_errors (2.1.1) lib/better_errors/middleware.rb:57:in `call'
  actionpack (4.2.4) lib/action_dispatch/middleware/debug_exceptions.rb:17:in `call'
  web-console (2.2.1) lib/web_console/middleware.rb:39:in `call'
  actionpack (4.2.4) lib/action_dispatch/middleware/show_exceptions.rb:30:in `call'
  railties (4.2.4) lib/rails/rack/logger.rb:38:in `call_app'
  railties (4.2.4) lib/rails/rack/logger.rb:20:in `block in call'
  activesupport (4.2.4) lib/active_support/tagged_logging.rb:68:in `block in tagged'
  activesupport (4.2.4) lib/active_support/tagged_logging.rb:26:in `tagged'
  activesupport (4.2.4) lib/active_support/tagged_logging.rb:68:in `tagged'
  railties (4.2.4) lib/rails/rack/logger.rb:20:in `call'
  quiet_assets (1.1.0) lib/quiet_assets.rb:27:in `call_with_quiet_assets'
  actionpack (4.2.4) lib/action_dispatch/middleware/request_id.rb:21:in `call'
  rack (1.6.4) lib/rack/methodoverride.rb:22:in `call'
  rack (1.6.4) lib/rack/runtime.rb:18:in `call'
  activesupport (4.2.4) lib/active_support/cache/strategy/local_cache_middleware.rb:28:in `call'
  rack (1.6.4) lib/rack/lock.rb:17:in `call'
  actionpack (4.2.4) lib/action_dispatch/middleware/static.rb:116:in `call'
  rack (1.6.4) lib/rack/sendfile.rb:113:in `call'
  railties (4.2.4) lib/rails/engine.rb:518:in `call'
  railties (4.2.4) lib/rails/application.rb:165:in `call'
  rack (1.6.4) lib/rack/lock.rb:17:in `call'
  rack (1.6.4) lib/rack/content_length.rb:15:in `call'
  rack (1.6.4) lib/rack/handler/webrick.rb:88:in `service'
  /Users/rubyli/.rbenv/versions/2.2.1/lib/ruby/2.2.0/webrick/httpserver.rb:138:in `service'
  /Users/rubyli/.rbenv/versions/2.2.1/lib/ruby/2.2.0/webrick/httpserver.rb:94:in `run'
  /Users/rubyli/.rbenv/versions/2.2.1/lib/ruby/2.2.0/webrick/server.rb:294:in `block in start_thread'



Started POST "/__better_errors/a1b8f5f3a232dabe/variables" for ::1 at 2015-09-14 15:44:38 -0400


Started POST "/__better_errors/a1b8f5f3a232dabe/eval" for ::1 at 2015-09-14 15:44:39 -0400


Started POST "/__better_errors/a1b8f5f3a232dabe/variables" for ::1 at 2015-09-14 15:44:49 -0400


Started GET "/" for ::1 at 2015-09-14 15:46:50 -0400

ActiveRecord::PendingMigrationError - 

Migrations are pending. To resolve this issue, run:

	bin/rake db:migrate RAILS_ENV=development

:
  activerecord (4.2.4) lib/active_record/migration.rb:392:in `check_pending!'
  activerecord (4.2.4) lib/active_record/migration.rb:373:in `call'
  actionpack (4.2.4) lib/action_dispatch/middleware/callbacks.rb:29:in `block in call'
  activesupport (4.2.4) lib/active_support/callbacks.rb:88:in `__run_callbacks__'
  activesupport (4.2.4) lib/active_support/callbacks.rb:778:in `_run_call_callbacks'
  activesupport (4.2.4) lib/active_support/callbacks.rb:81:in `run_callbacks'
  actionpack (4.2.4) lib/action_dispatch/middleware/callbacks.rb:27:in `call'
  actionpack (4.2.4) lib/action_dispatch/middleware/reloader.rb:73:in `call'
  actionpack (4.2.4) lib/action_dispatch/middleware/remote_ip.rb:78:in `call'
  better_errors (2.1.1) lib/better_errors/middleware.rb:84:in `protected_app_call'
  better_errors (2.1.1) lib/better_errors/middleware.rb:79:in `better_errors_call'
  better_errors (2.1.1) lib/better_errors/middleware.rb:57:in `call'
  actionpack (4.2.4) lib/action_dispatch/middleware/debug_exceptions.rb:17:in `call'
  web-console (2.2.1) lib/web_console/middleware.rb:39:in `call'
  actionpack (4.2.4) lib/action_dispatch/middleware/show_exceptions.rb:30:in `call'
  railties (4.2.4) lib/rails/rack/logger.rb:38:in `call_app'
  railties (4.2.4) lib/rails/rack/logger.rb:20:in `block in call'
  activesupport (4.2.4) lib/active_support/tagged_logging.rb:68:in `block in tagged'
  activesupport (4.2.4) lib/active_support/tagged_logging.rb:26:in `tagged'
  activesupport (4.2.4) lib/active_support/tagged_logging.rb:68:in `tagged'
  railties (4.2.4) lib/rails/rack/logger.rb:20:in `call'
  quiet_assets (1.1.0) lib/quiet_assets.rb:27:in `call_with_quiet_assets'
  actionpack (4.2.4) lib/action_dispatch/middleware/request_id.rb:21:in `call'
  rack (1.6.4) lib/rack/methodoverride.rb:22:in `call'
  rack (1.6.4) lib/rack/runtime.rb:18:in `call'
  activesupport (4.2.4) lib/active_support/cache/strategy/local_cache_middleware.rb:28:in `call'
  rack (1.6.4) lib/rack/lock.rb:17:in `call'
  actionpack (4.2.4) lib/action_dispatch/middleware/static.rb:116:in `call'
  rack (1.6.4) lib/rack/sendfile.rb:113:in `call'
  railties (4.2.4) lib/rails/engine.rb:518:in `call'
  railties (4.2.4) lib/rails/application.rb:165:in `call'
  rack (1.6.4) lib/rack/lock.rb:17:in `call'
  rack (1.6.4) lib/rack/content_length.rb:15:in `call'
  rack (1.6.4) lib/rack/handler/webrick.rb:88:in `service'
  /Users/rubyli/.rbenv/versions/2.2.1/lib/ruby/2.2.0/webrick/httpserver.rb:138:in `service'
  /Users/rubyli/.rbenv/versions/2.2.1/lib/ruby/2.2.0/webrick/httpserver.rb:94:in `run'
  /Users/rubyli/.rbenv/versions/2.2.1/lib/ruby/2.2.0/webrick/server.rb:294:in `block in start_thread'



Started POST "/__better_errors/177a931f3390a576/variables" for ::1 at 2015-09-14 15:46:50 -0400
  [1m[36m (1.5ms)[0m  [1mCREATE TABLE "schema_migrations" ("version" varchar NOT NULL) [0m
  [1m[35m (0.1ms)[0m  select sqlite_version(*)
  [1m[36m (1.3ms)[0m  [1mCREATE UNIQUE INDEX "unique_schema_migrations" ON "schema_migrations" ("version")[0m
  [1m[35mActiveRecord::SchemaMigration Load (0.1ms)[0m  SELECT "schema_migrations".* FROM "schema_migrations"
Migrating to CreateUsers (20150910161821)
  [1m[36m (0.1ms)[0m  [1mbegin transaction[0m
  [1m[35m (0.7ms)[0m  CREATE TABLE "users" ("id" INTEGER PRIMARY KEY AUTOINCREMENT NOT NULL, "email" varchar, "password_digest" varchar, "first_name" varchar, "last_name" varchar, "created_at" datetime NOT NULL, "updated_at" datetime NOT NULL) 
  [1m[36mSQL (0.3ms)[0m  [1mINSERT INTO "schema_migrations" ("version") VALUES (?)[0m  [["version", "20150910161821"]]
  [1m[35m (2.2ms)[0m  commit transaction
Migrating to CreateRestaurants (20150910162112)
  [1m[36m (0.3ms)[0m  [1mbegin transaction[0m
  [1m[35m (0.6ms)[0m  CREATE TABLE "restaurants" ("id" INTEGER PRIMARY KEY AUTOINCREMENT NOT NULL, "name" varchar, "user_id" integer, "capacity" integer, "created_at" datetime NOT NULL, "updated_at" datetime NOT NULL) 
  [1m[36m (0.1ms)[0m  [1mCREATE  INDEX "index_restaurants_on_user_id" ON "restaurants" ("user_id")[0m
  [1m[35mSQL (0.2ms)[0m  INSERT INTO "schema_migrations" ("version") VALUES (?)  [["version", "20150910162112"]]
  [1m[36m (1.8ms)[0m  [1mcommit transaction[0m
Migrating to CreateReservations (20150910164123)
  [1m[35m (0.1ms)[0m  begin transaction
  [1m[36m (0.5ms)[0m  [1mCREATE TABLE "reservations" ("id" INTEGER PRIMARY KEY AUTOINCREMENT NOT NULL, "dinner_time" datetime, "party_size" integer, "user_id" integer, "restaurant_id" integer, "created_at" datetime NOT NULL, "updated_at" datetime NOT NULL) [0m
  [1m[35m (0.1ms)[0m  CREATE  INDEX "index_reservations_on_user_id" ON "reservations" ("user_id")
  [1m[36m (32.2ms)[0m  [1m            SELECT sql
            FROM sqlite_master
            WHERE name='index_reservations_on_user_id' AND type='index'
            UNION ALL
            SELECT sql
            FROM sqlite_temp_master
            WHERE name='index_reservations_on_user_id' AND type='index'
[0m
  [1m[35m (0.3ms)[0m  CREATE  INDEX "index_reservations_on_restaurant_id" ON "reservations" ("restaurant_id")
  [1m[36mSQL (0.2ms)[0m  [1mINSERT INTO "schema_migrations" ("version") VALUES (?)[0m  [["version", "20150910164123"]]
  [1m[35m (1.8ms)[0m  commit transaction
  [1m[36mActiveRecord::SchemaMigration Load (0.1ms)[0m  [1mSELECT "schema_migrations".* FROM "schema_migrations"[0m
  [1m[35m (0.2ms)[0m              SELECT sql
            FROM sqlite_master
            WHERE name='index_reservations_on_restaurant_id' AND type='index'
            UNION ALL
            SELECT sql
            FROM sqlite_temp_master
            WHERE name='index_reservations_on_restaurant_id' AND type='index'

  [1m[36m (0.1ms)[0m  [1m            SELECT sql
            FROM sqlite_master
            WHERE name='index_reservations_on_user_id' AND type='index'
            UNION ALL
            SELECT sql
            FROM sqlite_temp_master
            WHERE name='index_reservations_on_user_id' AND type='index'
[0m
  [1m[35m (0.1ms)[0m              SELECT sql
            FROM sqlite_master
            WHERE name='index_restaurants_on_user_id' AND type='index'
            UNION ALL
            SELECT sql
            FROM sqlite_temp_master
            WHERE name='index_restaurants_on_user_id' AND type='index'



Started GET "/" for ::1 at 2015-09-14 15:47:35 -0400
  [1m[36mActiveRecord::SchemaMigration Load (0.3ms)[0m  [1mSELECT "schema_migrations".* FROM "schema_migrations"[0m
Processing by ReservationsController#new as HTML
  Rendered reservations/_form.html.erb (118.4ms)
  Rendered reservations/new.html.erb within layouts/application (127.4ms)
Completed 200 OK in 3025ms (Views: 2969.4ms | ActiveRecord: 0.5ms)


Started GET "/" for ::1 at 2015-09-14 15:47:52 -0400
Processing by ReservationsController#new as HTML
  Rendered reservations/_form.html.erb (21.2ms)
  Rendered reservations/new.html.erb within layouts/application (24.1ms)
Completed 200 OK in 92ms (Views: 90.6ms | ActiveRecord: 0.0ms)


Started GET "/" for ::1 at 2015-09-14 15:50:11 -0400
Processing by ReservationsController#new as HTML
  Rendered reservations/_form.html.erb (7.4ms)
  Rendered reservations/new.html.erb within layouts/application (10.4ms)
Completed 200 OK in 86ms (Views: 84.6ms | ActiveRecord: 0.0ms)


Started GET "/users/new" for ::1 at 2015-09-14 15:52:19 -0400
Processing by UsersController#new as HTML
  Rendered users/_form.html.erb (5.5ms)
  Rendered users/new.html.erb within layouts/application (8.8ms)
Completed 200 OK in 197ms (Views: 149.4ms | ActiveRecord: 0.5ms)


Started GET "/uses/1" for ::1 at 2015-09-14 15:52:21 -0400

ActionController::RoutingError (No route matches [GET] "/uses/1"):
  actionpack (4.2.4) lib/action_dispatch/middleware/debug_exceptions.rb:21:in `call'
  web-console (2.2.1) lib/web_console/middleware.rb:39:in `call'
  actionpack (4.2.4) lib/action_dispatch/middleware/show_exceptions.rb:30:in `call'
  railties (4.2.4) lib/rails/rack/logger.rb:38:in `call_app'
  railties (4.2.4) lib/rails/rack/logger.rb:20:in `block in call'
  activesupport (4.2.4) lib/active_support/tagged_logging.rb:68:in `block in tagged'
  activesupport (4.2.4) lib/active_support/tagged_logging.rb:26:in `tagged'
  activesupport (4.2.4) lib/active_support/tagged_logging.rb:68:in `tagged'
  railties (4.2.4) lib/rails/rack/logger.rb:20:in `call'
  quiet_assets (1.1.0) lib/quiet_assets.rb:27:in `call_with_quiet_assets'
  actionpack (4.2.4) lib/action_dispatch/middleware/request_id.rb:21:in `call'
  rack (1.6.4) lib/rack/methodoverride.rb:22:in `call'
  rack (1.6.4) lib/rack/runtime.rb:18:in `call'
  activesupport (4.2.4) lib/active_support/cache/strategy/local_cache_middleware.rb:28:in `call'
  rack (1.6.4) lib/rack/lock.rb:17:in `call'
  actionpack (4.2.4) lib/action_dispatch/middleware/static.rb:116:in `call'
  rack (1.6.4) lib/rack/sendfile.rb:113:in `call'
  railties (4.2.4) lib/rails/engine.rb:518:in `call'
  railties (4.2.4) lib/rails/application.rb:165:in `call'
  rack (1.6.4) lib/rack/lock.rb:17:in `call'
  rack (1.6.4) lib/rack/content_length.rb:15:in `call'
  rack (1.6.4) lib/rack/handler/webrick.rb:88:in `service'
  /Users/rubyli/.rbenv/versions/2.2.1/lib/ruby/2.2.0/webrick/httpserver.rb:138:in `service'
  /Users/rubyli/.rbenv/versions/2.2.1/lib/ruby/2.2.0/webrick/httpserver.rb:94:in `run'
  /Users/rubyli/.rbenv/versions/2.2.1/lib/ruby/2.2.0/webrick/server.rb:294:in `block in start_thread'


  Rendered /Users/rubyli/.rbenv/versions/2.2.1/lib/ruby/gems/2.2.0/gems/actionpack-4.2.4/lib/action_dispatch/middleware/templates/rescues/_trace.html.erb (3.2ms)
  Rendered /Users/rubyli/.rbenv/versions/2.2.1/lib/ruby/gems/2.2.0/gems/actionpack-4.2.4/lib/action_dispatch/middleware/templates/routes/_route.html.erb (3.1ms)
  Rendered /Users/rubyli/.rbenv/versions/2.2.1/lib/ruby/gems/2.2.0/gems/actionpack-4.2.4/lib/action_dispatch/middleware/templates/routes/_table.html.erb (6.1ms)
  Rendered /Users/rubyli/.rbenv/versions/2.2.1/lib/ruby/gems/2.2.0/gems/actionpack-4.2.4/lib/action_dispatch/middleware/templates/rescues/_request_and_response.html.erb (1.9ms)
  Rendered /Users/rubyli/.rbenv/versions/2.2.1/lib/ruby/gems/2.2.0/gems/actionpack-4.2.4/lib/action_dispatch/middleware/templates/rescues/routing_error.html.erb within rescues/layout (207.1ms)
  Rendered /Users/rubyli/.rbenv/versions/2.2.1/lib/ruby/gems/2.2.0/gems/web-console-2.2.1/lib/web_console/templates/_markup.html.erb (0.9ms)
  Rendered /Users/rubyli/.rbenv/versions/2.2.1/lib/ruby/gems/2.2.0/gems/web-console-2.2.1/lib/web_console/templates/_inner_console_markup.html.erb within layouts/inlined_string (0.7ms)
  Rendered /Users/rubyli/.rbenv/versions/2.2.1/lib/ruby/gems/2.2.0/gems/web-console-2.2.1/lib/web_console/templates/_prompt_box_markup.html.erb within layouts/inlined_string (0.5ms)
  Rendered /Users/rubyli/.rbenv/versions/2.2.1/lib/ruby/gems/2.2.0/gems/web-console-2.2.1/lib/web_console/templates/style.css.erb within layouts/inlined_string (0.5ms)
  Rendered /Users/rubyli/.rbenv/versions/2.2.1/lib/ruby/gems/2.2.0/gems/web-console-2.2.1/lib/web_console/templates/console.js.erb within layouts/javascript (143.1ms)
  Rendered /Users/rubyli/.rbenv/versions/2.2.1/lib/ruby/gems/2.2.0/gems/web-console-2.2.1/lib/web_console/templates/main.js.erb within layouts/javascript (0.4ms)
  Rendered /Users/rubyli/.rbenv/versions/2.2.1/lib/ruby/gems/2.2.0/gems/web-console-2.2.1/lib/web_console/templates/error_page.js.erb within layouts/javascript (1.0ms)
  Rendered /Users/rubyli/.rbenv/versions/2.2.1/lib/ruby/gems/2.2.0/gems/web-console-2.2.1/lib/web_console/templates/index.html.erb (325.4ms)


Started GET "/users/new" for ::1 at 2015-09-14 15:52:40 -0400
Processing by UsersController#new as HTML
  Rendered users/_form.html.erb (5.8ms)
  Rendered users/new.html.erb within layouts/application (8.6ms)
Completed 200 OK in 64ms (Views: 63.0ms | ActiveRecord: 0.0ms)


Started GET "/users/1" for ::1 at 2015-09-14 15:52:44 -0400
Processing by UsersController#show as HTML
  Parameters: {"id"=>"1"}
  [1m[35mUser Load (25.0ms)[0m  SELECT  "users".* FROM "users" WHERE "users"."id" = ? LIMIT 1  [["id", 1]]
Completed 404 Not Found in 452ms (ActiveRecord: 25.0ms)

ActiveRecord::RecordNotFound - Couldn't find User with 'id'=1:
  activerecord (4.2.4) lib/active_record/core.rb:155:in `find'
  app/controllers/users_controller.rb:17:in `show'
  actionpack (4.2.4) lib/action_controller/metal/implicit_render.rb:4:in `send_action'
  actionpack (4.2.4) lib/abstract_controller/base.rb:198:in `process_action'
  actionpack (4.2.4) lib/action_controller/metal/rendering.rb:10:in `process_action'
  actionpack (4.2.4) lib/abstract_controller/callbacks.rb:20:in `block in process_action'
  activesupport (4.2.4) lib/active_support/callbacks.rb:117:in `call'
  activesupport (4.2.4) lib/active_support/callbacks.rb:555:in `block (2 levels) in compile'
  activesupport (4.2.4) lib/active_support/callbacks.rb:505:in `call'
  activesupport (4.2.4) lib/active_support/callbacks.rb:92:in `__run_callbacks__'
  activesupport (4.2.4) lib/active_support/callbacks.rb:778:in `_run_process_action_callbacks'
  activesupport (4.2.4) lib/active_support/callbacks.rb:81:in `run_callbacks'
  actionpack (4.2.4) lib/abstract_controller/callbacks.rb:19:in `process_action'
  actionpack (4.2.4) lib/action_controller/metal/rescue.rb:29:in `process_action'
  actionpack (4.2.4) lib/action_controller/metal/instrumentation.rb:32:in `block in process_action'
  activesupport (4.2.4) lib/active_support/notifications.rb:164:in `block in instrument'
  activesupport (4.2.4) lib/active_support/notifications/instrumenter.rb:20:in `instrument'
  activesupport (4.2.4) lib/active_support/notifications.rb:164:in `instrument'
  actionpack (4.2.4) lib/action_controller/metal/instrumentation.rb:30:in `process_action'
  actionpack (4.2.4) lib/action_controller/metal/params_wrapper.rb:250:in `process_action'
  activerecord (4.2.4) lib/active_record/railties/controller_runtime.rb:18:in `process_action'
  actionpack (4.2.4) lib/abstract_controller/base.rb:137:in `process'
  actionview (4.2.4) lib/action_view/rendering.rb:30:in `process'
  actionpack (4.2.4) lib/action_controller/metal.rb:196:in `dispatch'
  actionpack (4.2.4) lib/action_controller/metal/rack_delegation.rb:13:in `dispatch'
  actionpack (4.2.4) lib/action_controller/metal.rb:237:in `block in action'
  actionpack (4.2.4) lib/action_dispatch/routing/route_set.rb:76:in `dispatch'
  actionpack (4.2.4) lib/action_dispatch/routing/route_set.rb:45:in `serve'
  actionpack (4.2.4) lib/action_dispatch/journey/router.rb:43:in `block in serve'
  actionpack (4.2.4) lib/action_dispatch/journey/router.rb:30:in `serve'
  actionpack (4.2.4) lib/action_dispatch/routing/route_set.rb:821:in `call'
  rack (1.6.4) lib/rack/etag.rb:24:in `call'
  rack (1.6.4) lib/rack/conditionalget.rb:25:in `call'
  rack (1.6.4) lib/rack/head.rb:13:in `call'
  actionpack (4.2.4) lib/action_dispatch/middleware/params_parser.rb:27:in `call'
  actionpack (4.2.4) lib/action_dispatch/middleware/flash.rb:260:in `call'
  rack (1.6.4) lib/rack/session/abstract/id.rb:225:in `context'
  rack (1.6.4) lib/rack/session/abstract/id.rb:220:in `call'
  actionpack (4.2.4) lib/action_dispatch/middleware/cookies.rb:560:in `call'
  activerecord (4.2.4) lib/active_record/query_cache.rb:36:in `call'
  activerecord (4.2.4) lib/active_record/connection_adapters/abstract/connection_pool.rb:653:in `call'
  activerecord (4.2.4) lib/active_record/migration.rb:377:in `call'
  actionpack (4.2.4) lib/action_dispatch/middleware/callbacks.rb:29:in `block in call'
  activesupport (4.2.4) lib/active_support/callbacks.rb:88:in `__run_callbacks__'
  activesupport (4.2.4) lib/active_support/callbacks.rb:778:in `_run_call_callbacks'
  activesupport (4.2.4) lib/active_support/callbacks.rb:81:in `run_callbacks'
  actionpack (4.2.4) lib/action_dispatch/middleware/callbacks.rb:27:in `call'
  actionpack (4.2.4) lib/action_dispatch/middleware/reloader.rb:73:in `call'
  actionpack (4.2.4) lib/action_dispatch/middleware/remote_ip.rb:78:in `call'
  better_errors (2.1.1) lib/better_errors/middleware.rb:84:in `protected_app_call'
  better_errors (2.1.1) lib/better_errors/middleware.rb:79:in `better_errors_call'
  better_errors (2.1.1) lib/better_errors/middleware.rb:57:in `call'
  actionpack (4.2.4) lib/action_dispatch/middleware/debug_exceptions.rb:17:in `call'
  web-console (2.2.1) lib/web_console/middleware.rb:39:in `call'
  actionpack (4.2.4) lib/action_dispatch/middleware/show_exceptions.rb:30:in `call'
  railties (4.2.4) lib/rails/rack/logger.rb:38:in `call_app'
  railties (4.2.4) lib/rails/rack/logger.rb:20:in `block in call'
  activesupport (4.2.4) lib/active_support/tagged_logging.rb:68:in `block in tagged'
  activesupport (4.2.4) lib/active_support/tagged_logging.rb:26:in `tagged'
  activesupport (4.2.4) lib/active_support/tagged_logging.rb:68:in `tagged'
  railties (4.2.4) lib/rails/rack/logger.rb:20:in `call'
  quiet_assets (1.1.0) lib/quiet_assets.rb:27:in `call_with_quiet_assets'
  actionpack (4.2.4) lib/action_dispatch/middleware/request_id.rb:21:in `call'
  rack (1.6.4) lib/rack/methodoverride.rb:22:in `call'
  rack (1.6.4) lib/rack/runtime.rb:18:in `call'
  activesupport (4.2.4) lib/active_support/cache/strategy/local_cache_middleware.rb:28:in `call'
  rack (1.6.4) lib/rack/lock.rb:17:in `call'
  actionpack (4.2.4) lib/action_dispatch/middleware/static.rb:116:in `call'
  rack (1.6.4) lib/rack/sendfile.rb:113:in `call'
  railties (4.2.4) lib/rails/engine.rb:518:in `call'
  railties (4.2.4) lib/rails/application.rb:165:in `call'
  rack (1.6.4) lib/rack/lock.rb:17:in `call'
  rack (1.6.4) lib/rack/content_length.rb:15:in `call'
  rack (1.6.4) lib/rack/handler/webrick.rb:88:in `service'
  /Users/rubyli/.rbenv/versions/2.2.1/lib/ruby/2.2.0/webrick/httpserver.rb:138:in `service'
  /Users/rubyli/.rbenv/versions/2.2.1/lib/ruby/2.2.0/webrick/httpserver.rb:94:in `run'
  /Users/rubyli/.rbenv/versions/2.2.1/lib/ruby/2.2.0/webrick/server.rb:294:in `block in start_thread'



Started POST "/__better_errors/ea59692e7128da4a/variables" for ::1 at 2015-09-14 15:52:45 -0400


Started GET "/users/new" for ::1 at 2015-09-14 15:53:01 -0400
Processing by UsersController#new as HTML
  Rendered users/_form.html.erb (6.3ms)
  Rendered users/new.html.erb within layouts/application (11.6ms)
Completed 200 OK in 71ms (Views: 69.2ms | ActiveRecord: 0.0ms)


Started POST "/users" for ::1 at 2015-09-14 15:53:33 -0400
Processing by UsersController#create as HTML
  Parameters: {"utf8"=>"✓", "authenticity_token"=>"J9Y9ch8e+RijhgE2D10D4dhZtX+b1RfMy6IoO6DkY6tKzY1aEoDtrF4OeB6LpDOXP9MjzK63tIsXBwGQTFs+PQ==", "user"=>{"first_name"=>"Carlos", "last_name"=>"Zhao", "email"=>"blacklight728@gmail.com", "email_confirmation"=>"blacklight728@gmail.com", "password"=>"[FILTERED]", "password_confirmation"=>"[FILTERED]"}, "commit"=>"Create User"}
  [1m[36m (0.1ms)[0m  [1mbegin transaction[0m
  [1m[35mUser Exists (0.2ms)[0m  SELECT  1 AS one FROM "users" WHERE "users"."email" = 'blacklight728@gmail.com' LIMIT 1
  [1m[36mSQL (18.0ms)[0m  [1mINSERT INTO "users" ("first_name", "last_name", "email", "password_digest", "created_at", "updated_at") VALUES (?, ?, ?, ?, ?, ?)[0m  [["first_name", "Carlos"], ["last_name", "Zhao"], ["email", "blacklight728@gmail.com"], ["password_digest", "$2a$10$SbkmI0XcL0Xopa/rR2qkdeGfM4.5kzjnelYPznUwGy7z4LX625iLa"], ["created_at", "2015-09-14 19:53:34.149546"], ["updated_at", "2015-09-14 19:53:34.149546"]]
  [1m[35m (2.4ms)[0m  commit transaction
Redirected to http://localhost:3000/users/1
Completed 302 Found in 214ms (ActiveRecord: 20.7ms)


Started GET "/users/1" for ::1 at 2015-09-14 15:53:34 -0400
Processing by UsersController#show as HTML
  Parameters: {"id"=>"1"}
  [1m[36mUser Load (0.2ms)[0m  [1mSELECT  "users".* FROM "users" WHERE "users"."id" = ? LIMIT 1[0m  [["id", 1]]
  Rendered users/show.html.erb within layouts/application (1.4ms)
Completed 200 OK in 67ms (Views: 65.2ms | ActiveRecord: 0.2ms)


Started GET "/restaurants/new" for ::1 at 2015-09-14 15:54:30 -0400
Processing by RestaurantsController#new as HTML
  Rendered restaurants/_form.html.erb (3.9ms)
  Rendered restaurants/new.html.erb within layouts/application (7.4ms)
Completed 200 OK in 89ms (Views: 61.9ms | ActiveRecord: 0.3ms)


Started POST "/restaurants" for ::1 at 2015-09-14 15:54:42 -0400
Processing by RestaurantsController#create as HTML
  Parameters: {"utf8"=>"✓", "authenticity_token"=>"fKkrKGK9ajUTPskuxU9mQvxI+HAl/8qpjpLZK033/uARspsAbyN+ge62sAZBtlY0G8JuwxCdae5SN/CAoUijdg==", "restaurant"=>{"name"=>"House Gourmet", "capacity"=>"100"}, "commit"=>"Create Restaurant"}
  [1m[35m (0.1ms)[0m  begin transaction
  [1m[36mSQL (15.6ms)[0m  [1mINSERT INTO "restaurants" ("name", "capacity", "created_at", "updated_at") VALUES (?, ?, ?, ?)[0m  [["name", "House Gourmet"], ["capacity", 100], ["created_at", "2015-09-14 19:54:42.086844"], ["updated_at", "2015-09-14 19:54:42.086844"]]
  [1m[35m (2.6ms)[0m  commit transaction
Redirected to http://localhost:3000/restaurants
Completed 302 Found in 27ms (ActiveRecord: 18.3ms)


Started GET "/restaurants" for ::1 at 2015-09-14 15:54:42 -0400
Processing by RestaurantsController#index as HTML
  [1m[36mRestaurant Load (0.2ms)[0m  [1mSELECT "restaurants".* FROM "restaurants"[0m
  Rendered restaurants/index.html.erb within layouts/application (2.0ms)
Completed 200 OK in 54ms (Views: 53.0ms | ActiveRecord: 0.2ms)


Started GET "/restaurants/1/edit" for ::1 at 2015-09-14 15:54:56 -0400
Processing by RestaurantsController#edit as HTML
  Parameters: {"id"=>"1"}
  [1m[35mRestaurant Load (0.5ms)[0m  SELECT  "restaurants".* FROM "restaurants" WHERE "restaurants"."id" = ? LIMIT 1  [["id", 1]]
  Rendered restaurants/_form.html.erb (2.2ms)
  Rendered restaurants/edit.html.erb within layouts/application (5.1ms)
Completed 200 OK in 57ms (Views: 54.5ms | ActiveRecord: 0.5ms)


Started GET "/" for ::1 at 2015-09-14 15:56:22 -0400
Processing by ReservationsController#new as HTML
  Rendered reservations/_form.html.erb (7.0ms)
  Rendered reservations/new.html.erb within layouts/application (10.0ms)
Completed 200 OK in 241ms (Views: 239.9ms | ActiveRecord: 0.0ms)


Started GET "/" for ::1 at 2015-09-14 15:58:22 -0400
Processing by ReservationsController#new as HTML
  Rendered reservations/_form.html.erb (6.9ms)
  Rendered reservations/new.html.erb within layouts/application (10.1ms)
Completed 200 OK in 92ms (Views: 91.1ms | ActiveRecord: 0.0ms)


Started GET "/" for ::1 at 2015-09-14 15:58:36 -0400
Processing by ReservationsController#new as HTML
  Rendered reservations/_form.html.erb (6.9ms)
  Rendered reservations/new.html.erb within layouts/application (10.5ms)
Completed 200 OK in 70ms (Views: 69.2ms | ActiveRecord: 0.0ms)


Started GET "/" for ::1 at 2015-09-14 16:01:17 -0400
Processing by ReservationsController#new as HTML
  Rendered reservations/_form.html.erb (5.9ms)
  Rendered reservations/new.html.erb within layouts/application (8.6ms)
Completed 200 OK in 220ms (Views: 219.2ms | ActiveRecord: 0.0ms)


Started GET "/" for ::1 at 2015-09-14 16:01:58 -0400
Processing by ReservationsController#new as HTML
  Rendered reservations/_form.html.erb (6.3ms)
  Rendered reservations/new.html.erb within layouts/application (9.3ms)
Completed 200 OK in 176ms (Views: 175.2ms | ActiveRecord: 0.0ms)


Started GET "/" for ::1 at 2015-09-14 16:02:00 -0400
Processing by ReservationsController#new as HTML
  Rendered reservations/_form.html.erb (6.6ms)
  Rendered reservations/new.html.erb within layouts/application (9.9ms)
Completed 200 OK in 60ms (Views: 59.0ms | ActiveRecord: 0.0ms)


Started GET "/" for ::1 at 2015-09-14 16:02:15 -0400
Processing by ReservationsController#new as HTML
  Rendered reservations/_form.html.erb (7.4ms)
  Rendered reservations/new.html.erb within layouts/application (9.7ms)
Completed 200 OK in 87ms (Views: 86.2ms | ActiveRecord: 0.0ms)


Started GET "/" for ::1 at 2015-09-14 16:03:46 -0400
Processing by ReservationsController#new as HTML
  Rendered reservations/_form.html.erb (8.3ms)
  Rendered reservations/new.html.erb within layouts/application (11.0ms)
Completed 200 OK in 99ms (Views: 97.9ms | ActiveRecord: 0.0ms)


Started GET "/" for ::1 at 2015-09-14 16:04:20 -0400
Processing by ReservationsController#new as HTML
  Rendered reservations/_form.html.erb (5.9ms)
  Rendered reservations/new.html.erb within layouts/application (8.6ms)
Completed 200 OK in 89ms (Views: 88.3ms | ActiveRecord: 0.0ms)


Started GET "/" for ::1 at 2015-09-14 16:04:29 -0400
Processing by ReservationsController#new as HTML
  Rendered reservations/_form.html.erb (6.9ms)
  Rendered reservations/new.html.erb within layouts/application (9.9ms)
Completed 200 OK in 85ms (Views: 84.4ms | ActiveRecord: 0.0ms)


Started GET "/" for ::1 at 2015-09-14 16:05:04 -0400
Processing by ReservationsController#new as HTML
  Rendered reservations/_form.html.erb (6.5ms)
  Rendered reservations/new.html.erb within layouts/application (8.9ms)
Completed 200 OK in 104ms (Views: 102.6ms | ActiveRecord: 0.0ms)


Started GET "/" for ::1 at 2015-09-14 16:05:58 -0400
Processing by ReservationsController#new as HTML
  Rendered reservations/_form.html.erb (6.5ms)
  Rendered reservations/new.html.erb within layouts/application (8.7ms)
Completed 200 OK in 90ms (Views: 89.4ms | ActiveRecord: 0.0ms)


Started GET "/" for ::1 at 2015-09-14 16:24:59 -0400
Processing by ReservationsController#new as HTML
  Rendered reservations/_form.html.erb (7.9ms)
  Rendered reservations/new.html.erb within layouts/application (11.2ms)
Completed 200 OK in 248ms (Views: 247.3ms | ActiveRecord: 0.0ms)


Started GET "/" for ::1 at 2015-09-14 16:25:25 -0400
Processing by ReservationsController#new as HTML
  Rendered reservations/_form.html.erb (6.3ms)
  Rendered reservations/new.html.erb within layouts/application (9.3ms)
Completed 200 OK in 60ms (Views: 59.5ms | ActiveRecord: 0.0ms)


Started GET "/" for ::1 at 2015-09-14 16:26:28 -0400
Processing by ReservationsController#new as HTML
  Rendered reservations/_form.html.erb (7.7ms)
  Rendered reservations/new.html.erb within layouts/application (13.7ms)
Completed 200 OK in 152ms (Views: 150.4ms | ActiveRecord: 0.0ms)


Started GET "/" for ::1 at 2015-09-14 22:35:22 -0400
Processing by ReservationsController#new as HTML
  Rendered reservations/_form.html.erb (41.4ms)
  Rendered reservations/new.html.erb within layouts/application (76.4ms)
Completed 200 OK in 526ms (Views: 511.1ms | ActiveRecord: 0.0ms)


Started GET "/" for ::1 at 2015-09-15 03:48:41 -0400
Processing by ReservationsController#new as HTML
  Rendered reservations/_form.html.erb (10.4ms)
  Rendered reservations/new.html.erb within layouts/application (14.6ms)
Completed 200 OK in 383ms (Views: 380.4ms | ActiveRecord: 0.0ms)


Started GET "/" for ::1 at 2015-09-15 03:57:33 -0400
Processing by ReservationsController#new as HTML
  Rendered reservations/_form.html.erb (10.3ms)
  Rendered reservations/new.html.erb within layouts/application (14.8ms)
Completed 200 OK in 353ms (Views: 352.3ms | ActiveRecord: 0.0ms)


Started GET "/" for ::1 at 2015-09-15 04:01:51 -0400
Processing by ReservationsController#new as HTML
  Rendered reservations/_form.html.erb (8.7ms)
  Rendered reservations/new.html.erb within layouts/application (12.6ms)
Completed 200 OK in 351ms (Views: 349.7ms | ActiveRecord: 0.0ms)


Started GET "/" for ::1 at 2015-09-15 04:02:05 -0400
Processing by ReservationsController#new as HTML
  Rendered reservations/_form.html.erb (7.6ms)
  Rendered reservations/new.html.erb within layouts/application (10.2ms)
Completed 200 OK in 98ms (Views: 96.7ms | ActiveRecord: 0.0ms)


Started GET "/" for ::1 at 2015-09-15 04:02:33 -0400
Processing by ReservationsController#new as HTML
  Rendered reservations/_form.html.erb (7.0ms)
  Rendered reservations/new.html.erb within layouts/application (9.5ms)
Completed 200 OK in 100ms (Views: 98.7ms | ActiveRecord: 0.0ms)


Started GET "/" for ::1 at 2015-09-15 04:04:07 -0400
Processing by ReservationsController#new as HTML
  Rendered reservations/_form.html.erb (7.3ms)
  Rendered reservations/new.html.erb within layouts/application (30.1ms)
Completed 200 OK in 343ms (Views: 342.3ms | ActiveRecord: 0.0ms)


Started GET "/" for ::1 at 2015-09-15 04:05:17 -0400
Processing by ReservationsController#new as HTML
  Rendered reservations/_form.html.erb (6.8ms)
  Rendered reservations/new.html.erb within layouts/application (9.3ms)
Completed 200 OK in 92ms (Views: 91.6ms | ActiveRecord: 0.0ms)


Started GET "/" for ::1 at 2015-09-15 04:05:47 -0400
Processing by ReservationsController#new as HTML
  Rendered reservations/_form.html.erb (17.6ms)
  Rendered reservations/new.html.erb within layouts/application (20.3ms)
Completed 200 OK in 147ms (Views: 146.2ms | ActiveRecord: 0.0ms)


Started GET "/" for ::1 at 2015-09-15 04:07:36 -0400
Processing by ReservationsController#new as HTML
  Rendered reservations/_form.html.erb (7.6ms)
  Rendered reservations/new.html.erb within layouts/application (11.5ms)
Completed 200 OK in 350ms (Views: 349.4ms | ActiveRecord: 0.0ms)


Started GET "/" for ::1 at 2015-09-15 04:11:22 -0400
Processing by ReservationsController#new as HTML
  Rendered reservations/_form.html.erb (86.7ms)
  Rendered reservations/new.html.erb within layouts/application (112.9ms)
Completed 200 OK in 966ms (Views: 947.7ms | ActiveRecord: 0.0ms)


Started GET "/" for ::1 at 2015-09-15 04:12:17 -0400
Processing by ReservationsController#new as HTML
  Rendered reservations/_form.html.erb (10.0ms)
  Rendered reservations/new.html.erb within layouts/application (32.9ms)
Completed 200 OK in 354ms (Views: 352.9ms | ActiveRecord: 0.0ms)


Started GET "/" for ::1 at 2015-09-15 04:15:54 -0400
Processing by ReservationsController#new as HTML
  Rendered reservations/_form.html.erb (8.5ms)
  Rendered reservations/new.html.erb within layouts/application (53.4ms)
Completed 200 OK in 499ms (Views: 497.3ms | ActiveRecord: 0.0ms)


Started GET "/" for ::1 at 2015-09-15 04:16:31 -0400
Processing by ReservationsController#new as HTML
  Rendered reservations/_form.html.erb (8.9ms)
  Rendered reservations/new.html.erb within layouts/application (13.0ms)
Completed 200 OK in 220ms (Views: 218.3ms | ActiveRecord: 0.0ms)


Started GET "/" for ::1 at 2015-09-15 04:16:56 -0400
Processing by ReservationsController#new as HTML
  Rendered reservations/_form.html.erb (6.6ms)
  Rendered reservations/new.html.erb within layouts/application (9.3ms)
Completed 200 OK in 87ms (Views: 86.1ms | ActiveRecord: 0.0ms)


Started GET "/" for ::1 at 2015-09-15 04:19:14 -0400
Processing by ReservationsController#new as HTML
  Rendered reservations/_form.html.erb (7.9ms)
  Rendered reservations/new.html.erb within layouts/application (11.8ms)
Completed 200 OK in 386ms (Views: 384.9ms | ActiveRecord: 0.0ms)


Started GET "/" for ::1 at 2015-09-15 04:19:34 -0400
Processing by ReservationsController#new as HTML
  Rendered reservations/_form.html.erb (7.0ms)
  Rendered reservations/new.html.erb within layouts/application (10.1ms)
Completed 200 OK in 93ms (Views: 91.7ms | ActiveRecord: 0.0ms)


Started GET "/" for ::1 at 2015-09-15 04:20:08 -0400
Processing by ReservationsController#new as HTML
  Rendered reservations/_form.html.erb (8.3ms)
  Rendered reservations/new.html.erb within layouts/application (31.3ms)
Completed 200 OK in 364ms (Views: 363.5ms | ActiveRecord: 0.0ms)


Started GET "/" for ::1 at 2015-09-15 04:20:22 -0400
Processing by ReservationsController#new as HTML
  Rendered reservations/_form.html.erb (8.3ms)
  Rendered reservations/new.html.erb within layouts/application (11.3ms)
Completed 200 OK in 173ms (Views: 172.0ms | ActiveRecord: 0.0ms)


Started GET "/" for ::1 at 2015-09-15 04:22:52 -0400
Processing by ReservationsController#new as HTML
  Rendered reservations/_form.html.erb (6.5ms)
  Rendered reservations/new.html.erb within layouts/application (10.4ms)
Completed 200 OK in 353ms (Views: 352.3ms | ActiveRecord: 0.0ms)


Started GET "/" for ::1 at 2015-09-15 04:22:54 -0400
Processing by ReservationsController#new as HTML
  Rendered reservations/_form.html.erb (7.0ms)
  Rendered reservations/new.html.erb within layouts/application (9.4ms)
Completed 200 OK in 64ms (Views: 62.7ms | ActiveRecord: 0.0ms)


Started GET "/" for ::1 at 2015-09-15 04:24:15 -0400
Processing by ReservationsController#new as HTML
  Rendered reservations/_form.html.erb (8.6ms)
  Rendered reservations/new.html.erb within layouts/application (11.1ms)
Completed 200 OK in 89ms (Views: 88.4ms | ActiveRecord: 0.0ms)


Started GET "/" for ::1 at 2015-09-15 04:27:14 -0400
Processing by ReservationsController#new as HTML
  Rendered reservations/_form.html.erb (8.9ms)
  Rendered reservations/new.html.erb within layouts/application (31.9ms)
Completed 200 OK in 218ms (Views: 217.4ms | ActiveRecord: 0.0ms)


Started GET "/" for ::1 at 2015-09-15 04:31:03 -0400
Processing by ReservationsController#new as HTML
  Rendered reservations/_form.html.erb (8.4ms)
  Rendered reservations/new.html.erb within layouts/application (12.3ms)
Completed 200 OK in 231ms (Views: 229.6ms | ActiveRecord: 0.0ms)


Started GET "/" for ::1 at 2015-09-15 04:31:33 -0400
Processing by ReservationsController#new as HTML
  Rendered reservations/_form.html.erb (7.6ms)
  Rendered reservations/new.html.erb within layouts/application (10.1ms)
Completed 200 OK in 94ms (Views: 93.3ms | ActiveRecord: 0.0ms)


Started GET "/" for ::1 at 2015-09-15 04:33:36 -0400
Processing by ReservationsController#new as HTML
  Rendered reservations/_form.html.erb (8.2ms)
  Rendered reservations/new.html.erb within layouts/application (30.9ms)
Completed 200 OK in 255ms (Views: 253.7ms | ActiveRecord: 0.0ms)


Started GET "/" for ::1 at 2015-09-15 04:33:58 -0400
Processing by ReservationsController#new as HTML
  Rendered reservations/_form.html.erb (7.7ms)
  Rendered reservations/new.html.erb within layouts/application (10.3ms)
Completed 200 OK in 97ms (Views: 96.4ms | ActiveRecord: 0.0ms)


Started GET "/" for ::1 at 2015-09-15 04:34:44 -0400
Processing by ReservationsController#new as HTML
  Rendered reservations/_form.html.erb (6.4ms)
  Rendered reservations/new.html.erb within layouts/application (9.2ms)
Completed 200 OK in 89ms (Views: 88.4ms | ActiveRecord: 0.0ms)


Started GET "/" for ::1 at 2015-09-15 04:35:04 -0400
Processing by ReservationsController#new as HTML
  Rendered reservations/_form.html.erb (7.8ms)
  Rendered reservations/new.html.erb within layouts/application (10.3ms)
Completed 200 OK in 111ms (Views: 110.4ms | ActiveRecord: 0.0ms)


Started GET "/" for ::1 at 2015-09-15 04:35:44 -0400
Processing by ReservationsController#new as HTML
  Rendered reservations/_form.html.erb (7.0ms)
  Rendered reservations/new.html.erb within layouts/application (10.0ms)
Completed 200 OK in 97ms (Views: 95.8ms | ActiveRecord: 0.0ms)


Started GET "/" for ::1 at 2015-09-15 04:35:57 -0400
Processing by ReservationsController#new as HTML
  Rendered reservations/_form.html.erb (6.1ms)
  Rendered reservations/new.html.erb within layouts/application (8.7ms)
Completed 200 OK in 95ms (Views: 94.3ms | ActiveRecord: 0.0ms)


Started GET "/" for ::1 at 2015-09-15 04:36:10 -0400
Processing by ReservationsController#new as HTML
  Rendered reservations/_form.html.erb (6.9ms)
  Rendered reservations/new.html.erb within layouts/application (9.4ms)
Completed 200 OK in 97ms (Views: 96.6ms | ActiveRecord: 0.0ms)


Started GET "/" for ::1 at 2015-09-15 04:36:37 -0400
Processing by ReservationsController#new as HTML
  Rendered reservations/_form.html.erb (6.7ms)
  Rendered reservations/new.html.erb within layouts/application (9.8ms)
Completed 200 OK in 95ms (Views: 94.0ms | ActiveRecord: 0.0ms)


Started GET "/" for ::1 at 2015-09-15 04:36:53 -0400
Processing by ReservationsController#new as HTML
  Rendered reservations/_form.html.erb (7.2ms)
  Rendered reservations/new.html.erb within layouts/application (11.0ms)
Completed 200 OK in 110ms (Views: 109.5ms | ActiveRecord: 0.0ms)


Started GET "/" for ::1 at 2015-09-15 04:37:32 -0400
Processing by ReservationsController#new as HTML
  Rendered reservations/_form.html.erb (6.8ms)
  Rendered reservations/new.html.erb within layouts/application (9.8ms)
Completed 200 OK in 95ms (Views: 93.8ms | ActiveRecord: 0.0ms)


Started GET "/" for ::1 at 2015-09-15 04:37:35 -0400
Processing by ReservationsController#new as HTML
  Rendered reservations/_form.html.erb (7.4ms)
  Rendered reservations/new.html.erb within layouts/application (10.0ms)
Completed 200 OK in 67ms (Views: 66.0ms | ActiveRecord: 0.0ms)


Started GET "/" for ::1 at 2015-09-15 04:37:50 -0400
Processing by ReservationsController#new as HTML
  Rendered reservations/_form.html.erb (7.7ms)
  Rendered reservations/new.html.erb within layouts/application (10.3ms)
Completed 200 OK in 104ms (Views: 103.1ms | ActiveRecord: 0.0ms)


Started GET "/" for ::1 at 2015-09-15 04:38:10 -0400
Processing by ReservationsController#new as HTML
  Rendered reservations/_form.html.erb (7.8ms)
  Rendered reservations/new.html.erb within layouts/application (10.1ms)
Completed 200 OK in 93ms (Views: 92.1ms | ActiveRecord: 0.0ms)


Started GET "/" for ::1 at 2015-09-15 04:39:11 -0400
Processing by ReservationsController#new as HTML
  Rendered reservations/_form.html.erb (6.6ms)
  Rendered reservations/new.html.erb within layouts/application (9.3ms)
Completed 200 OK in 106ms (Views: 105.2ms | ActiveRecord: 0.0ms)


Started GET "/" for ::1 at 2015-09-15 04:39:34 -0400
Processing by ReservationsController#new as HTML
  Rendered reservations/_form.html.erb (7.2ms)
  Rendered reservations/new.html.erb within layouts/application (10.2ms)
Completed 200 OK in 89ms (Views: 88.4ms | ActiveRecord: 0.0ms)


Started GET "/" for ::1 at 2015-09-15 04:39:57 -0400
Processing by ReservationsController#new as HTML
  Rendered reservations/_form.html.erb (6.2ms)
  Rendered reservations/new.html.erb within layouts/application (8.6ms)
Completed 200 OK in 92ms (Views: 91.2ms | ActiveRecord: 0.0ms)


Started GET "/" for ::1 at 2015-09-15 04:40:28 -0400
Processing by ReservationsController#new as HTML
  Rendered reservations/_form.html.erb (7.4ms)
  Rendered reservations/new.html.erb within layouts/application (9.7ms)
Completed 200 OK in 98ms (Views: 97.2ms | ActiveRecord: 0.0ms)
